<?xml version="1.0" encoding="UTF-8"?>
<!-- Generated by org.testng.reporters.JUnitReportReporter -->
<testsuite skipped="0" hostname="DESKTOP-888A2JB" name="Keywords.ThreadPoolsizePractice" tests="5" failures="0" timestamp="2022-08-03T08:47:59 IST" time="140.666" errors="0">
  <testcase name="openBrowser" time="28.847" classname="Keywords.ThreadPoolsizePractice"/>
  <testcase name="openBrowser" time="28.295" classname="Keywords.ThreadPoolsizePractice"/>
  <testcase name="openBrowser" time="27.645" classname="Keywords.ThreadPoolsizePractice"/>
  <testcase name="openBrowser" time="28.332" classname="Keywords.ThreadPoolsizePractice"/>
  <testcase name="openBrowser" time="27.547" classname="Keywords.ThreadPoolsizePractice"/>
</testsuite> <!-- Keywords.ThreadPoolsizePractice -->
