<?xml version="1.0" encoding="UTF-8"?>
<!-- Generated by org.testng.reporters.JUnitReportReporter -->
<testsuite skipped="0" hostname="DESKTOP-888A2JB" name="PomWithPageFactoryPractice.RegisrationTest" tests="1" failures="0" timestamp="2022-08-07T10:19:50 IST" time="4.272" errors="0">
  <testcase name="FacebookRegistrationPageTest" time="4.272" classname="PomWithPageFactoryPractice.RegisrationTest"/>
</testsuite> <!-- PomWithPageFactoryPractice.RegisrationTest -->
