<?xml version="1.0" encoding="UTF-8"?>
<!-- Generated by org.testng.reporters.JUnitReportReporter -->
<testsuite skipped="0" hostname="DESKTOP-888A2JB" name="Keywords.InvocationCountPractice" tests="7" failures="0" timestamp="2022-08-02T09:53:34 IST" time="0.136" errors="0">
  <testcase name="homepageTest" time="0.031" classname="Keywords.InvocationCountPractice"/>
  <testcase name="notificationpageTest" time="0.011" classname="Keywords.InvocationCountPractice"/>
  <testcase name="notificationpageTest" time="0.009" classname="Keywords.InvocationCountPractice"/>
  <testcase name="homepageTest" time="0.009" classname="Keywords.InvocationCountPractice"/>
  <testcase name="homepageTest" time="0.050" classname="Keywords.InvocationCountPractice"/>
  <testcase name="homepageTest" time="0.024" classname="Keywords.InvocationCountPractice"/>
  <testcase name="homepageTest" time="0.002" classname="Keywords.InvocationCountPractice"/>
</testsuite> <!-- Keywords.InvocationCountPractice -->
