<?xml version="1.0" encoding="UTF-8"?>
<!-- Generated by org.testng.reporters.JUnitReportReporter -->
<testsuite skipped="0" hostname="DESKTOP-888A2JB" name="CBT.AllBrowsers" tests="12" failures="0" timestamp="2022-08-05T10:06:05 IST" time="30.732" errors="0">
  <testcase name="crossBrowserTesting" time="6.525" classname="CBT.AllBrowsers"/>
  <testcase name="crossBrowserTesting" time="16.263" classname="CBT.AllBrowsers"/>
  <testcase name="verifyCurrentUrl" time="0.020" classname="CBT.AllBrowsers"/>
  <testcase name="verifyCurrentUrl" time="0.117" classname="CBT.AllBrowsers"/>
  <testcase name="verifyPageTititle" time="0.015" classname="CBT.AllBrowsers"/>
  <testcase name="verifyPageTititle" time="0.031" classname="CBT.AllBrowsers"/>
  <testcase name="verifyUsernamefield" time="0.942" classname="CBT.AllBrowsers"/>
  <testcase name="verifyUsernamefield" time="0.268" classname="CBT.AllBrowsers"/>
  <testcase name="verifypasswordfield" time="0.212" classname="CBT.AllBrowsers"/>
  <testcase name="verifypasswordfield" time="0.313" classname="CBT.AllBrowsers"/>
  <testcase name="clickLoginButton" time="0.220" classname="CBT.AllBrowsers"/>
  <testcase name="clickLoginButton" time="5.806" classname="CBT.AllBrowsers"/>
</testsuite> <!-- CBT.AllBrowsers -->
