<?xml version="1.0" encoding="UTF-8"?>
<!-- Generated by org.testng.reporters.JUnitReportReporter -->
<testsuite skipped="0" hostname="DESKTOP-888A2JB" name="Keywords.DependsOnMethodPractice" tests="3" failures="0" timestamp="2022-08-02T10:02:56 IST" time="0.029" errors="0">
  <testcase name="openurl" time="0.023" classname="Keywords.DependsOnMethodPractice"/>
  <testcase name="login" time="0.004" classname="Keywords.DependsOnMethodPractice"/>
  <testcase name="logout" time="0.002" classname="Keywords.DependsOnMethodPractice"/>
</testsuite> <!-- Keywords.DependsOnMethodPractice -->
