<?xml version="1.0" encoding="UTF-8"?>
<!-- Generated by org.testng.reporters.JUnitReportReporter -->
<testsuite skipped="0" hostname="DESKTOP-888A2JB" name="Basics.IntroductionToTestng" tests="3" failures="0" timestamp="2022-07-29T09:56:23 IST" time="0.041" errors="0">
  <testcase name="openUrl" time="0.028" classname="Basics.IntroductionToTestng"/>
  <testcase name="login" time="0.007" classname="Basics.IntroductionToTestng"/>
  <testcase name="logout" time="0.006" classname="Basics.IntroductionToTestng"/>
</testsuite> <!-- Basics.IntroductionToTestng -->
