<?xml version="1.0" encoding="UTF-8"?>
<!-- Generated by org.testng.reporters.JUnitReportReporter -->
<testsuite skipped="0" hostname="DESKTOP-888A2JB" name="Basics.ClassAnotationsPractice" tests="3" failures="0" timestamp="2022-08-01T10:00:59 IST" time="0.012" errors="0">
  <testcase name="NotificationPageTest" time="0.007" classname="Basics.ClassAnotationsPractice"/>
  <testcase name="HomePageTest" time="0.003" classname="Basics.ClassAnotationsPractice"/>
  <testcase name="ProfilePageTest" time="0.002" classname="Basics.ClassAnotationsPractice"/>
</testsuite> <!-- Basics.ClassAnotationsPractice -->
