<?xml version="1.0" encoding="UTF-8"?>
<!-- Generated by org.testng.reporters.JUnitReportReporter -->
<testsuite skipped="0" hostname="DESKTOP-888A2JB" name="GroupsPractice.TestCase1" tests="1" failures="0" timestamp="2022-08-03T09:24:30 IST" time="0.008" errors="0">
  <testcase name="Test1" time="0.008" classname="GroupsPractice.TestCase1"/>
</testsuite> <!-- GroupsPractice.TestCase1 -->
