<?xml version="1.0" encoding="UTF-8"?>
<!-- Generated by org.testng.reporters.JUnitReportReporter -->
<testsuite skipped="0" hostname="DESKTOP-888A2JB" name="TestAnotationPractice.TestCase4" tests="2" failures="0" timestamp="2022-08-02T09:34:19 IST" time="0.006" errors="0">
  <testcase name="m4" time="0.001" classname="TestAnotationPractice.TestCase4"/>
  <testcase name="m5" time="0.005" classname="TestAnotationPractice.TestCase4"/>
</testsuite> <!-- TestAnotationPractice.TestCase4 -->
