<?xml version="1.0" encoding="UTF-8"?>
<!-- Generated by org.testng.reporters.JUnitReportReporter -->
<testsuite skipped="0" hostname="DESKTOP-888A2JB" name="TestAnotationPractice.TestCase3" tests="3" failures="0" timestamp="2022-08-02T09:34:19 IST" time="0.025" errors="0">
  <testcase name="m2" time="0.004" classname="TestAnotationPractice.TestCase3"/>
  <testcase name="m3" time="0.008" classname="TestAnotationPractice.TestCase3"/>
  <testcase name="m1" time="0.013" classname="TestAnotationPractice.TestCase3"/>
</testsuite> <!-- TestAnotationPractice.TestCase3 -->
