<?xml version="1.0" encoding="UTF-8"?>
<!-- Generated by org.testng.reporters.JUnitReportReporter -->
<testsuite skipped="1" hostname="DESKTOP-888A2JB" name="Keywords.EnabledFlasePractice" tests="6" failures="0" timestamp="2022-08-03T08:27:38 IST" time="0.075" errors="0">
  <testcase name="homepageTest" time="0.021" classname="Keywords.EnabledFlasePractice"/>
  <testcase name="homepageTest" time="0.020" classname="Keywords.EnabledFlasePractice"/>
  <testcase name="homepageTest" time="0.009" classname="Keywords.EnabledFlasePractice"/>
  <testcase name="homepageTest" time="0.011" classname="Keywords.EnabledFlasePractice"/>
  <testcase name="homepageTest" time="0.014" classname="Keywords.EnabledFlasePractice"/>
  <testcase name="notificationpageTest" classname="Keywords.EnabledFlasePractice">
    <skipped/>
  </testcase> <!-- notificationpageTest -->
</testsuite> <!-- Keywords.EnabledFlasePractice -->
