<?xml version="1.0" encoding="UTF-8"?>
<!-- Generated by org.testng.reporters.JUnitReportReporter -->
<testsuite skipped="0" hostname="DESKTOP-888A2JB" name="Basics.MethodAnotationsPractice" tests="3" failures="0" timestamp="2022-08-01T09:50:07 IST" time="0.028" errors="0">
  <testcase name="NotificationPageTest" time="0.018" classname="Basics.MethodAnotationsPractice"/>
  <testcase name="HomePageTest" time="0.004" classname="Basics.MethodAnotationsPractice"/>
  <testcase name="ProfilePageTest" time="0.006" classname="Basics.MethodAnotationsPractice"/>
</testsuite> <!-- Basics.MethodAnotationsPractice -->
