<?xml version="1.0" encoding="UTF-8"?>
<!-- Generated by org.testng.reporters.JUnitReportReporter -->
<testsuite skipped="0" hostname="DESKTOP-888A2JB" name="TestAnotationPractice.TestCase1" tests="3" failures="0" timestamp="2022-08-02T09:26:55 IST" time="0.043" errors="0">
  <testcase name="m2" time="0.009" classname="TestAnotationPractice.TestCase1"/>
  <testcase name="m1" time="0.031" classname="TestAnotationPractice.TestCase1"/>
  <testcase name="m3" time="0.003" classname="TestAnotationPractice.TestCase1"/>
</testsuite> <!-- TestAnotationPractice.TestCase1 -->
